<?xml version="1.0" encoding="UTF-8"?>
<!-- Generated by org.testng.reporters.JUnitReportReporter -->
<testsuite hostname="DESKTOP-61VG6O9" failures="0" tests="2" name="discount.PriceDiscountPercentage" time="12.315" errors="0" timestamp="2022-12-03T19:16:15 EET" skipped="0">
  <testcase classname="discount.PriceDiscountPercentage" name="test_Discount" time="3.165"/>
  <system-out/>
  <testcase classname="discount.PriceDiscountPercentage" name="test_DELL_G15" time="9.150"/>
  <system-out/>
</testsuite> <!-- discount.PriceDiscountPercentage -->
